The selected window backend is x11 
Mono path[0] = '/workspace/Intercept/Lin/Intercept_Data/Managed'
Mono config path = '/workspace/Intercept/Lin/Intercept_Data/MonoBleedingEdge/etc'
Input System module state changed to: Initialized.
[Physics::Module] Initialized fallback backend.
[Physics::Module] Id: 0xdecafbad
Initialize engine version: 6000.0.40f1 (157d81624ddf)
[Subsystems] Discovering subsystems at path /workspace/Intercept/Lin/Intercept_Data/UnitySubsystems
Forcing GfxDevice: Null
GfxDevice: creating device client; kGfxThreadingModeNonThreaded
NullGfxDevice:
    Version:  NULL 1.0 [1.0]
    Renderer: Null Device
    Vendor:   Unity Technologies
ALSA lib confmisc.c:855:(parse_card) cannot find card '0'
ALSA lib conf.c:5178:(_snd_config_evaluate) function snd_func_card_inum returned error: No such file or directory
ALSA lib confmisc.c:422:(snd_func_concat) error evaluating strings
ALSA lib conf.c:5178:(_snd_config_evaluate) function snd_func_concat returned error: No such file or directory
ALSA lib confmisc.c:1334:(snd_func_refer) error evaluating name
ALSA lib conf.c:5178:(_snd_config_evaluate) function snd_func_refer returned error: No such file or directory
ALSA lib conf.c:5701:(snd_config_expand) Evaluate error: No such file or directory
ALSA lib pcm.c:2664:(snd_pcm_open_noupdate) Unknown PCM default
FMOD failed to initialize the output device.: "Error initializing output device. " (60)
Forced to initialize FMOD to to the device driver's system output rate 48000, this may impact performance and/or give inconsistent experiences compared to selected sample rate 48000
ALSA lib confmisc.c:855:(parse_card) cannot find card '0'
ALSA lib conf.c:5178:(_snd_config_evaluate) function snd_func_card_inum returned error: No such file or directory
ALSA lib confmisc.c:422:(snd_func_concat) error evaluating strings
ALSA lib conf.c:5178:(_snd_config_evaluate) function snd_func_concat returned error: No such file or directory
ALSA lib confmisc.c:1334:(snd_func_refer) error evaluating name
ALSA lib conf.c:5178:(_snd_config_evaluate) function snd_func_refer returned error: No such file or directory
ALSA lib conf.c:5701:(snd_config_expand) Evaluate error: No such file or directory
ALSA lib pcm.c:2664:(snd_pcm_open_noupdate) Unknown PCM default
FMOD failed to initialize the output device.: "Error initializing output device. " (60)
FMOD initialized on nosound output
Begin MonoManager ReloadAssembly
- Loaded All Assemblies, in  0.090 seconds
- Finished resetting the current domain, in  0.003 seconds
[Physics::Module] Selected backend.
[Physics::Module] Name: PhysX
[Physics::Module] Id: 0xf2b8ea05
[Physics::Module] SDK Version: 4.1.2
[Physics::Module] Integration Version: 1.0.0
[Physics::Module] Threading Mode: Multi-Threaded
ERROR: Shader Sprites/Default shader is not supported on this GPU (none of subshaders/fallbacks are suitable)
ERROR: Shader Sprites/Mask shader is not supported on this GPU (none of subshaders/fallbacks are suitable)
ERROR: Shader Legacy Shaders/VertexLit shader is not supported on this GPU (none of subshaders/fallbacks are suitable)
WARNING: Shader Unsupported: 'Autodesk Interactive' - All subshaders removed
WARNING: Shader Did you use #pragma only_renderers and omit this platform?
WARNING: Shader If subshaders removal was intentional, you may have forgotten turning Fallback off?
ERROR: Shader Autodesk Interactive shader is not supported on this GPU (none of subshaders/fallbacks are suitable)
WARNING: Shader Unsupported: 'Autodesk Interactive' - All subshaders removed
WARNING: Shader Did you use #pragma only_renderers and omit this platform?
WARNING: Shader If subshaders removal was intentional, you may have forgotten turning Fallback off?
WARNING: Shader Unsupported: 'Standard' - All subshaders removed
WARNING: Shader Did you use #pragma only_renderers and omit this platform?
WARNING: Shader If subshaders removal was intentional, you may have forgotten turning Fallback off?
ERROR: Shader Standard shader is not supported on this GPU (none of subshaders/fallbacks are suitable)
WARNING: Shader Unsupported: 'Standard' - All subshaders removed
WARNING: Shader Did you use #pragma only_renderers and omit this platform?
WARNING: Shader If subshaders removal was intentional, you may have forgotten turning Fallback off?
WARNING: Shader Unsupported: 'Legacy Shaders/Diffuse' - All subshaders removed
WARNING: Shader Did you use #pragma only_renderers and omit this platform?
WARNING: Shader If subshaders removal was intentional, you may have forgotten turning Fallback off?
ERROR: Shader Legacy Shaders/Diffuse shader is not supported on this GPU (none of subshaders/fallbacks are suitable)
WARNING: Shader Unsupported: 'Legacy Shaders/Diffuse' - All subshaders removed
WARNING: Shader Did you use #pragma only_renderers and omit this platform?
WARNING: Shader If subshaders removal was intentional, you may have forgotten turning Fallback off?
WARNING: Shader Unsupported: 'ML-Agents/GridPattern' - All subshaders removed
WARNING: Shader Did you use #pragma only_renderers and omit this platform?
WARNING: Shader If subshaders removal was intentional, you may have forgotten turning Fallback off?
ERROR: Shader ML-Agents/GridPattern shader is not supported on this GPU (none of subshaders/fallbacks are suitable)
WARNING: Shader Unsupported: 'ML-Agents/GridPattern' - All subshaders removed
WARNING: Shader Did you use #pragma only_renderers and omit this platform?
WARNING: Shader If subshaders removal was intentional, you may have forgotten turning Fallback off?
UnloadTime: 0.343630 ms
Registered Communicator in Agent.
Unexpected exception when trying to initialize communication: System.ExecutionEngineException: Couldn't create thread. Error 0x0
  at (wrapper managed-to-native) System.Threading.Thread.Thread_internal(System.Threading.Thread,System.MulticastDelegate)
  at System.Threading.Thread.StartInternal (System.Object principal, System.Threading.StackCrawlMark& stackMark) [0x0001a] in <069d7b80a3914a08b6825aa362b07f5e>:0 
  at System.Threading.Thread.Start (System.Threading.StackCrawlMark& stackMark) [0x00028] in <069d7b80a3914a08b6825aa362b07f5e>:0 
  at System.Threading.Thread.Start () [0x00002] in <069d7b80a3914a08b6825aa362b07f5e>:0 
  at Grpc.Core.Internal.GrpcThreadPool.CreateAndStartThread (System.Int32 threadIndex, Grpc.Core.Profiling.IProfiler optionalProfiler) [0x00066] in <2f154ad39ec14cfea604815989d96352>:0 
  at Grpc.Core.Internal.GrpcThreadPool.Start () [0x0005d] in <2f154ad39ec14cfea604815989d96352>:0 
  at Grpc.Core.GrpcEnvironment..ctor () [0x000a8] in <2f154ad39ec14cfea604815989d96352>:0 
  at Grpc.Core.GrpcEnvironment.AddRef () [0x00028] in <2f154ad39ec14cfea604815989d96352>:0 
  at Grpc.Core.Channel..ctor (System.String target, Grpc.Core.ChannelCredentials credentials, System.Collections.Generic.IEnumerable`1[T] options) [0x00051] in <2f154ad39ec14cfea604815989d96352>:0 
  at Grpc.Core.Channel..ctor (System.String target, Grpc.Core.ChannelCredentials credentials) [0x00000] in <2f154ad39ec14cfea604815989d96352>:0 
  at Unity.MLAgents.RpcCommunicator.Initialize (System.Int32 port, Unity.MLAgents.CommunicatorObjects.UnityOutputProto unityOutput, Unity.MLAgents.CommunicatorObjects.UnityInputProto& unityInput) [0x0001d] in <e60461e3370047c6b5f650b5b3a554e9>:0 
  at Unity.MLAgents.RpcCommunicator.Initialize (Unity.MLAgents.CommunicatorInitParameters initParameters, Unity.MLAgents.UnityRLInitParameters& initParametersOut) [0x0004e] in <e60461e3370047c6b5f650b5b3a554e9>:0 
Couldn't connect to trainer on port 5043 using API version 1.5.0. Will perform inference instead.
Heuristic method called but not implemented. Returning placeholder actions.
Heuristic method called but not implemented. Returning placeholder actions.
Heuristic method called but not implemented. Returning placeholder actions.
Heuristic method called but not implemented. Returning placeholder actions.
Heuristic method called but not implemented. Returning placeholder actions.
Heuristic method called but not implemented. Returning placeholder actions.
Heuristic method called but not implemented. Returning placeholder actions.
Heuristic method called but not implemented. Returning placeholder actions.
Heuristic method called but not implemented. Returning placeholder actions.
Heuristic method called but not implemented. Returning placeholder actions.
Heuristic method called but not implemented. Returning placeholder actions.
Heuristic method called but not implemented. Returning placeholder actions.
Heuristic method called but not implemented. Returning placeholder actions.
Heuristic method called but not implemented. Returning placeholder actions.
Heuristic method called but not implemented. Returning placeholder actions.
Heuristic method called but not implemented. Returning placeholder actions.
Heuristic method called but not implemented. Returning placeholder actions.
Heuristic method called but not implemented. Returning placeholder actions.
Heuristic method called but not implemented. Returning placeholder actions.
Heuristic method called but not implemented. Returning placeholder actions.
Heuristic method called but not implemented. Returning placeholder actions.
Heuristic method called but not implemented. Returning placeholder actions.
Heuristic method called but not implemented. Returning placeholder actions.
Heuristic method called but not implemented. Returning placeholder actions.
Heuristic method called but not implemented. Returning placeholder actions.
Heuristic method called but not implemented. Returning placeholder actions.
Heuristic method called but not implemented. Returning placeholder actions.
Heuristic method called but not implemented. Returning placeholder actions.
Heuristic method called but not implemented. Returning placeholder actions.
Heuristic method called but not implemented. Returning placeholder actions.
Heuristic method called but not implemented. Returning placeholder actions.
Heuristic method called but not implemented. Returning placeholder actions.
Heuristic method called but not implemented. Returning placeholder actions.
Heuristic method called but not implemented. Returning placeholder actions.
Heuristic method called but not implemented. Returning placeholder actions.
Heuristic method called but not implemented. Returning placeholder actions.
Heuristic method called but not implemented. Returning placeholder actions.
Heuristic method called but not implemented. Returning placeholder actions.
Heuristic method called but not implemented. Returning placeholder actions.
Heuristic method called but not implemented. Returning placeholder actions.
Heuristic method called but not implemented. Returning placeholder actions.
Heuristic method called but not implemented. Returning placeholder actions.
Heuristic method called but not implemented. Returning placeholder actions.
Heuristic method called but not implemented. Returning placeholder actions.
Heuristic method called but not implemented. Returning placeholder actions.
Heuristic method called but not implemented. Returning placeholder actions.
Heuristic method called but not implemented. Returning placeholder actions.
Heuristic method called but not implemented. Returning placeholder actions.
Heuristic method called but not implemented. Returning placeholder actions.
Heuristic method called but not implemented. Returning placeholder actions.
Heuristic method called but not implemented. Returning placeholder actions.
Heuristic method called but not implemented. Returning placeholder actions.
Heuristic method called but not implemented. Returning placeholder actions.
Heuristic method called but not implemented. Returning placeholder actions.
Heuristic method called but not implemented. Returning placeholder actions.
Heuristic method called but not implemented. Returning placeholder actions.
Heuristic method called but not implemented. Returning placeholder actions.
Heuristic method called but not implemented. Returning placeholder actions.
Heuristic method called but not implemented. Returning placeholder actions.
Heuristic method called but not implemented. Returning placeholder actions.
Heuristic method called but not implemented. Returning placeholder actions.
Heuristic method called but not implemented. Returning placeholder actions.
Heuristic method called but not implemented. Returning placeholder actions.
Heuristic method called but not implemented. Returning placeholder actions.
Heuristic method called but not implemented. Returning placeholder actions.
Heuristic method called but not implemented. Returning placeholder actions.
Heuristic method called but not implemented. Returning placeholder actions.
Heuristic method called but not implemented. Returning placeholder actions.
Heuristic method called but not implemented. Returning placeholder actions.
Heuristic method called but not implemented. Returning placeholder actions.
Heuristic method called but not implemented. Returning placeholder actions.
Heuristic method called but not implemented. Returning placeholder actions.
Heuristic method called but not implemented. Returning placeholder actions.
Heuristic method called but not implemented. Returning placeholder actions.
Heuristic method called but not implemented. Returning placeholder actions.
Heuristic method called but not implemented. Returning placeholder actions.
Heuristic method called but not implemented. Returning placeholder actions.
Heuristic method called but not implemented. Returning placeholder actions.
Heuristic method called but not implemented. Returning placeholder actions.
Heuristic method called but not implemented. Returning placeholder actions.
Heuristic method called but not implemented. Returning placeholder actions.
Heuristic method called but not implemented. Returning placeholder actions.
Heuristic method called but not implemented. Returning placeholder actions.
Heuristic method called but not implemented. Returning placeholder actions.
Heuristic method called but not implemented. Returning placeholder actions.
Heuristic method called but not implemented. Returning placeholder actions.
Heuristic method called but not implemented. Returning placeholder actions.
Heuristic method called but not implemented. Returning placeholder actions.
Heuristic method called but not implemented. Returning placeholder actions.
Heuristic method called but not implemented. Returning placeholder actions.
Heuristic method called but not implemented. Returning placeholder actions.
Heuristic method called but not implemented. Returning placeholder actions.
Heuristic method called but not implemented. Returning placeholder actions.
Heuristic method called but not implemented. Returning placeholder actions.
Heuristic method called but not implemented. Returning placeholder actions.
Heuristic method called but not implemented. Returning placeholder actions.
Heuristic method called but not implemented. Returning placeholder actions.
Heuristic method called but not implemented. Returning placeholder actions.
Heuristic method called but not implemented. Returning placeholder actions.
Heuristic method called but not implemented. Returning placeholder actions.
Heuristic method called but not implemented. Returning placeholder actions.
Heuristic method called but not implemented. Returning placeholder actions.
Heuristic method called but not implemented. Returning placeholder actions.
Heuristic method called but not implemented. Returning placeholder actions.
Heuristic method called but not implemented. Returning placeholder actions.
Heuristic method called but not implemented. Returning placeholder actions.
Heuristic method called but not implemented. Returning placeholder actions.
Heuristic method called but not implemented. Returning placeholder actions.
Heuristic method called but not implemented. Returning placeholder actions.
Heuristic method called but not implemented. Returning placeholder actions.
Heuristic method called but not implemented. Returning placeholder actions.
Heuristic method called but not implemented. Returning placeholder actions.
Heuristic method called but not implemented. Returning placeholder actions.
Heuristic method called but not implemented. Returning placeholder actions.
Heuristic method called but not implemented. Returning placeholder actions.
Heuristic method called but not implemented. Returning placeholder actions.
Heuristic method called but not implemented. Returning placeholder actions.
Heuristic method called but not implemented. Returning placeholder actions.
Heuristic method called but not implemented. Returning placeholder actions.
Heuristic method called but not implemented. Returning placeholder actions.
Heuristic method called but not implemented. Returning placeholder actions.
Heuristic method called but not implemented. Returning placeholder actions.
Heuristic method called but not implemented. Returning placeholder actions.
Heuristic method called but not implemented. Returning placeholder actions.
Heuristic method called but not implemented. Returning placeholder actions.
Heuristic method called but not implemented. Returning placeholder actions.
Heuristic method called but not implemented. Returning placeholder actions.
Heuristic method called but not implemented. Returning placeholder actions.
Heuristic method called but not implemented. Returning placeholder actions.
Heuristic method called but not implemented. Returning placeholder actions.
Heuristic method called but not implemented. Returning placeholder actions.
Heuristic method called but not implemented. Returning placeholder actions.
Heuristic method called but not implemented. Returning placeholder actions.
Heuristic method called but not implemented. Returning placeholder actions.
Heuristic method called but not implemented. Returning placeholder actions.
Heuristic method called but not implemented. Returning placeholder actions.
Heuristic method called but not implemented. Returning placeholder actions.
Heuristic method called but not implemented. Returning placeholder actions.
Heuristic method called but not implemented. Returning placeholder actions.
Heuristic method called but not implemented. Returning placeholder actions.
Heuristic method called but not implemented. Returning placeholder actions.
Heuristic method called but not implemented. Returning placeholder actions.
Heuristic method called but not implemented. Returning placeholder actions.
Heuristic method called but not implemented. Returning placeholder actions.
Heuristic method called but not implemented. Returning placeholder actions.
Heuristic method called but not implemented. Returning placeholder actions.
Heuristic method called but not implemented. Returning placeholder actions.
Heuristic method called but not implemented. Returning placeholder actions.
Heuristic method called but not implemented. Returning placeholder actions.
Heuristic method called but not implemented. Returning placeholder actions.
Heuristic method called but not implemented. Returning placeholder actions.
Heuristic method called but not implemented. Returning placeholder actions.
Heuristic method called but not implemented. Returning placeholder actions.
Heuristic method called but not implemented. Returning placeholder actions.
Heuristic method called but not implemented. Returning placeholder actions.
Heuristic method called but not implemented. Returning placeholder actions.
Heuristic method called but not implemented. Returning placeholder actions.
Heuristic method called but not implemented. Returning placeholder actions.
Heuristic method called but not implemented. Returning placeholder actions.
Heuristic method called but not implemented. Returning placeholder actions.
Heuristic method called but not implemented. Returning placeholder actions.
Heuristic method called but not implemented. Returning placeholder actions.
Heuristic method called but not implemented. Returning placeholder actions.
Heuristic method called but not implemented. Returning placeholder actions.
Heuristic method called but not implemented. Returning placeholder actions.
Heuristic method called but not implemented. Returning placeholder actions.
Heuristic method called but not implemented. Returning placeholder actions.
Heuristic method called but not implemented. Returning placeholder actions.
Heuristic method called but not implemented. Returning placeholder actions.
Heuristic method called but not implemented. Returning placeholder actions.
Heuristic method called but not implemented. Returning placeholder actions.
Heuristic method called but not implemented. Returning placeholder actions.
Heuristic method called but not implemented. Returning placeholder actions.
Heuristic method called but not implemented. Returning placeholder actions.
Heuristic method called but not implemented. Returning placeholder actions.
Heuristic method called but not implemented. Returning placeholder actions.
Heuristic method called but not implemented. Returning placeholder actions.
Heuristic method called but not implemented. Returning placeholder actions.
Heuristic method called but not implemented. Returning placeholder actions.
Heuristic method called but not implemented. Returning placeholder actions.
Heuristic method called but not implemented. Returning placeholder actions.
Heuristic method called but not implemented. Returning placeholder actions.
Heuristic method called but not implemented. Returning placeholder actions.
Heuristic method called but not implemented. Returning placeholder actions.
Heuristic method called but not implemented. Returning placeholder actions.
Heuristic method called but not implemented. Returning placeholder actions.
Heuristic method called but not implemented. Returning placeholder actions.
Heuristic method called but not implemented. Returning placeholder actions.
Heuristic method called but not implemented. Returning placeholder actions.
Heuristic method called but not implemented. Returning placeholder actions.
Heuristic method called but not implemented. Returning placeholder actions.
Heuristic method called but not implemented. Returning placeholder actions.
Heuristic method called but not implemented. Returning placeholder actions.
Heuristic method called but not implemented. Returning placeholder actions.
Heuristic method called but not implemented. Returning placeholder actions.
Heuristic method called but not implemented. Returning placeholder actions.
Heuristic method called but not implemented. Returning placeholder actions.
Heuristic method called but not implemented. Returning placeholder actions.
Heuristic method called but not implemented. Returning placeholder actions.
Heuristic method called but not implemented. Returning placeholder actions.
Heuristic method called but not implemented. Returning placeholder actions.
Heuristic method called but not implemented. Returning placeholder actions.
Heuristic method called but not implemented. Returning placeholder actions.
Heuristic method called but not implemented. Returning placeholder actions.
Heuristic method called but not implemented. Returning placeholder actions.
Heuristic method called but not implemented. Returning placeholder actions.
Heuristic method called but not implemented. Returning placeholder actions.
Heuristic method called but not implemented. Returning placeholder actions.
Heuristic method called but not implemented. Returning placeholder actions.
Heuristic method called but not implemented. Returning placeholder actions.
Heuristic method called but not implemented. Returning placeholder actions.
Heuristic method called but not implemented. Returning placeholder actions.
Heuristic method called but not implemented. Returning placeholder actions.
Heuristic method called but not implemented. Returning placeholder actions.
Heuristic method called but not implemented. Returning placeholder actions.
Heuristic method called but not implemented. Returning placeholder actions.
Heuristic method called but not implemented. Returning placeholder actions.
Heuristic method called but not implemented. Returning placeholder actions.
Heuristic method called but not implemented. Returning placeholder actions.
Heuristic method called but not implemented. Returning placeholder actions.
Heuristic method called but not implemented. Returning placeholder actions.
Heuristic method called but not implemented. Returning placeholder actions.
Heuristic method called but not implemented. Returning placeholder actions.
Heuristic method called but not implemented. Returning placeholder actions.
Heuristic method called but not implemented. Returning placeholder actions.
Heuristic method called but not implemented. Returning placeholder actions.
Heuristic method called but not implemented. Returning placeholder actions.
Heuristic method called but not implemented. Returning placeholder actions.
Heuristic method called but not implemented. Returning placeholder actions.
Heuristic method called but not implemented. Returning placeholder actions.
Heuristic method called but not implemented. Returning placeholder actions.
Heuristic method called but not implemented. Returning placeholder actions.
Heuristic method called but not implemented. Returning placeholder actions.
Heuristic method called but not implemented. Returning placeholder actions.
Heuristic method called but not implemented. Returning placeholder actions.
Heuristic method called but not implemented. Returning placeholder actions.
Heuristic method called but not implemented. Returning placeholder actions.
Heuristic method called but not implemented. Returning placeholder actions.
Heuristic method called but not implemented. Returning placeholder actions.
Heuristic method called but not implemented. Returning placeholder actions.
Heuristic method called but not implemented. Returning placeholder actions.
Heuristic method called but not implemented. Returning placeholder actions.
Heuristic method called but not implemented. Returning placeholder actions.
Heuristic method called but not implemented. Returning placeholder actions.
Heuristic method called but not implemented. Returning placeholder actions.
Heuristic method called but not implemented. Returning placeholder actions.
Heuristic method called but not implemented. Returning placeholder actions.
Heuristic method called but not implemented. Returning placeholder actions.
Heuristic method called but not implemented. Returning placeholder actions.
Heuristic method called but not implemented. Returning placeholder actions.
Heuristic method called but not implemented. Returning placeholder actions.
Heuristic method called but not implemented. Returning placeholder actions.
Heuristic method called but not implemented. Returning placeholder actions.
Heuristic method called but not implemented. Returning placeholder actions.
Heuristic method called but not implemented. Returning placeholder actions.
Heuristic method called but not implemented. Returning placeholder actions.
Heuristic method called but not implemented. Returning placeholder actions.
Heuristic method called but not implemented. Returning placeholder actions.
Heuristic method called but not implemented. Returning placeholder actions.
Heuristic method called but not implemented. Returning placeholder actions.
Heuristic method called but not implemented. Returning placeholder actions.
Heuristic method called but not implemented. Returning placeholder actions.
Heuristic method called but not implemented. Returning placeholder actions.
Heuristic method called but not implemented. Returning placeholder actions.
Heuristic method called but not implemented. Returning placeholder actions.
Heuristic method called but not implemented. Returning placeholder actions.
Heuristic method called but not implemented. Returning placeholder actions.
Heuristic method called but not implemented. Returning placeholder actions.
Heuristic method called but not implemented. Returning placeholder actions.
Heuristic method called but not implemented. Returning placeholder actions.
Heuristic method called but not implemented. Returning placeholder actions.
Heuristic method called but not implemented. Returning placeholder actions.
Heuristic method called but not implemented. Returning placeholder actions.
Heuristic method called but not implemented. Returning placeholder actions.
Heuristic method called but not implemented. Returning placeholder actions.
Heuristic method called but not implemented. Returning placeholder actions.
Heuristic method called but not implemented. Returning placeholder actions.
Heuristic method called but not implemented. Returning placeholder actions.
Heuristic method called but not implemented. Returning placeholder actions.
Heuristic method called but not implemented. Returning placeholder actions.
Heuristic method called but not implemented. Returning placeholder actions.
Heuristic method called but not implemented. Returning placeholder actions.
Heuristic method called but not implemented. Returning placeholder actions.
Heuristic method called but not implemented. Returning placeholder actions.
Heuristic method called but not implemented. Returning placeholder actions.
Heuristic method called but not implemented. Returning placeholder actions.
Heuristic method called but not implemented. Returning placeholder actions.
Heuristic method called but not implemented. Returning placeholder actions.
Heuristic method called but not implemented. Returning placeholder actions.
Heuristic method called but not implemented. Returning placeholder actions.
Heuristic method called but not implemented. Returning placeholder actions.
Heuristic method called but not implemented. Returning placeholder actions.
Heuristic method called but not implemented. Returning placeholder actions.
Heuristic method called but not implemented. Returning placeholder actions.
Heuristic method called but not implemented. Returning placeholder actions.
Heuristic method called but not implemented. Returning placeholder actions.
Heuristic method called but not implemented. Returning placeholder actions.
Heuristic method called but not implemented. Returning placeholder actions.
Heuristic method called but not implemented. Returning placeholder actions.
Heuristic method called but not implemented. Returning placeholder actions.
Heuristic method called but not implemented. Returning placeholder actions.
Heuristic method called but not implemented. Returning placeholder actions.
Heuristic method called but not implemented. Returning placeholder actions.
Heuristic method called but not implemented. Returning placeholder actions.
Heuristic method called but not implemented. Returning placeholder actions.
Heuristic method called but not implemented. Returning placeholder actions.
Heuristic method called but not implemented. Returning placeholder actions.
Heuristic method called but not implemented. Returning placeholder actions.
Heuristic method called but not implemented. Returning placeholder actions.
Heuristic method called but not implemented. Returning placeholder actions.
Heuristic method called but not implemented. Returning placeholder actions.
Heuristic method called but not implemented. Returning placeholder actions.
Heuristic method called but not implemented. Returning placeholder actions.
Heuristic method called but not implemented. Returning placeholder actions.
Heuristic method called but not implemented. Returning placeholder actions.
Heuristic method called but not implemented. Returning placeholder actions.
Heuristic method called but not implemented. Returning placeholder actions.
Heuristic method called but not implemented. Returning placeholder actions.
Heuristic method called but not implemented. Returning placeholder actions.
Heuristic method called but not implemented. Returning placeholder actions.
Heuristic method called but not implemented. Returning placeholder actions.
Heuristic method called but not implemented. Returning placeholder actions.
Heuristic method called but not implemented. Returning placeholder actions.
Heuristic method called but not implemented. Returning placeholder actions.
Heuristic method called but not implemented. Returning placeholder actions.
Heuristic method called but not implemented. Returning placeholder actions.
Heuristic method called but not implemented. Returning placeholder actions.
Heuristic method called but not implemented. Returning placeholder actions.
Heuristic method called but not implemented. Returning placeholder actions.
Heuristic method called but not implemented. Returning placeholder actions.
Heuristic method called but not implemented. Returning placeholder actions.
Heuristic method called but not implemented. Returning placeholder actions.
Heuristic method called but not implemented. Returning placeholder actions.
Heuristic method called but not implemented. Returning placeholder actions.
Heuristic method called but not implemented. Returning placeholder actions.
Heuristic method called but not implemented. Returning placeholder actions.
Heuristic method called but not implemented. Returning placeholder actions.
Heuristic method called but not implemented. Returning placeholder actions.
Heuristic method called but not implemented. Returning placeholder actions.
Heuristic method called but not implemented. Returning placeholder actions.
Heuristic method called but not implemented. Returning placeholder actions.
Heuristic method called but not implemented. Returning placeholder actions.
Heuristic method called but not implemented. Returning placeholder actions.
Heuristic method called but not implemented. Returning placeholder actions.
Heuristic method called but not implemented. Returning placeholder actions.
Heuristic method called but not implemented. Returning placeholder actions.
Heuristic method called but not implemented. Returning placeholder actions.
Heuristic method called but not implemented. Returning placeholder actions.
Heuristic method called but not implemented. Returning placeholder actions.
Heuristic method called but not implemented. Returning placeholder actions.
Heuristic method called but not implemented. Returning placeholder actions.
Heuristic method called but not implemented. Returning placeholder actions.
Heuristic method called but not implemented. Returning placeholder actions.
Heuristic method called but not implemented. Returning placeholder actions.
Heuristic method called but not implemented. Returning placeholder actions.
Heuristic method called but not implemented. Returning placeholder actions.
Heuristic method called but not implemented. Returning placeholder actions.
Heuristic method called but not implemented. Returning placeholder actions.
Heuristic method called but not implemented. Returning placeholder actions.
Heuristic method called but not implemented. Returning placeholder actions.
Heuristic method called but not implemented. Returning placeholder actions.
Heuristic method called but not implemented. Returning placeholder actions.
Heuristic method called but not implemented. Returning placeholder actions.
Heuristic method called but not implemented. Returning placeholder actions.
Heuristic method called but not implemented. Returning placeholder actions.
Heuristic method called but not implemented. Returning placeholder actions.
Heuristic method called but not implemented. Returning placeholder actions.
Heuristic method called but not implemented. Returning placeholder actions.
Heuristic method called but not implemented. Returning placeholder actions.
Heuristic method called but not implemented. Returning placeholder actions.
Heuristic method called but not implemented. Returning placeholder actions.
Heuristic method called but not implemented. Returning placeholder actions.
Heuristic method called but not implemented. Returning placeholder actions.
Heuristic method called but not implemented. Returning placeholder actions.
Heuristic method called but not implemented. Returning placeholder actions.
Heuristic method called but not implemented. Returning placeholder actions.
Heuristic method called but not implemented. Returning placeholder actions.
Heuristic method called but not implemented. Returning placeholder actions.
Heuristic method called but not implemented. Returning placeholder actions.
Heuristic method called but not implemented. Returning placeholder actions.
Heuristic method called but not implemented. Returning placeholder actions.
Heuristic method called but not implemented. Returning placeholder actions.
Heuristic method called but not implemented. Returning placeholder actions.
Heuristic method called but not implemented. Returning placeholder actions.
Heuristic method called but not implemented. Returning placeholder actions.
Heuristic method called but not implemented. Returning placeholder actions.
Heuristic method called but not implemented. Returning placeholder actions.
Heuristic method called but not implemented. Returning placeholder actions.
Heuristic method called but not implemented. Returning placeholder actions.
Heuristic method called but not implemented. Returning placeholder actions.
Heuristic method called but not implemented. Returning placeholder actions.
Heuristic method called but not implemented. Returning placeholder actions.
Heuristic method called but not implemented. Returning placeholder actions.
Heuristic method called but not implemented. Returning placeholder actions.
Heuristic method called but not implemented. Returning placeholder actions.
Heuristic method called but not implemented. Returning placeholder actions.
Heuristic method called but not implemented. Returning placeholder actions.
Heuristic method called but not implemented. Returning placeholder actions.
Heuristic method called but not implemented. Returning placeholder actions.
Heuristic method called but not implemented. Returning placeholder actions.
Heuristic method called but not implemented. Returning placeholder actions.
Heuristic method called but not implemented. Returning placeholder actions.
Heuristic method called but not implemented. Returning placeholder actions.
Heuristic method called but not implemented. Returning placeholder actions.
Heuristic method called but not implemented. Returning placeholder actions.
Heuristic method called but not implemented. Returning placeholder actions.
Heuristic method called but not implemented. Returning placeholder actions.
Heuristic method called but not implemented. Returning placeholder actions.
Heuristic method called but not implemented. Returning placeholder actions.
Heuristic method called but not implemented. Returning placeholder actions.
Heuristic method called but not implemented. Returning placeholder actions.
Heuristic method called but not implemented. Returning placeholder actions.
Heuristic method called but not implemented. Returning placeholder actions.
Heuristic method called but not implemented. Returning placeholder actions.
Heuristic method called but not implemented. Returning placeholder actions.
Heuristic method called but not implemented. Returning placeholder actions.
Heuristic method called but not implemented. Returning placeholder actions.
Heuristic method called but not implemented. Returning placeholder actions.
Heuristic method called but not implemented. Returning placeholder actions.
Heuristic method called but not implemented. Returning placeholder actions.
Heuristic method called but not implemented. Returning placeholder actions.
Heuristic method called but not implemented. Returning placeholder actions.
Heuristic method called but not implemented. Returning placeholder actions.
Heuristic method called but not implemented. Returning placeholder actions.
Heuristic method called but not implemented. Returning placeholder actions.
Heuristic method called but not implemented. Returning placeholder actions.
Heuristic method called but not implemented. Returning placeholder actions.
Heuristic method called but not implemented. Returning placeholder actions.
Heuristic method called but not implemented. Returning placeholder actions.
Heuristic method called but not implemented. Returning placeholder actions.
Heuristic method called but not implemented. Returning placeholder actions.
Heuristic method called but not implemented. Returning placeholder actions.
Heuristic method called but not implemented. Returning placeholder actions.
Heuristic method called but not implemented. Returning placeholder actions.
Heuristic method called but not implemented. Returning placeholder actions.
Heuristic method called but not implemented. Returning placeholder actions.
Heuristic method called but not implemented. Returning placeholder actions.
Heuristic method called but not implemented. Returning placeholder actions.
Heuristic method called but not implemented. Returning placeholder actions.
Heuristic method called but not implemented. Returning placeholder actions.
Heuristic method called but not implemented. Returning placeholder actions.
Heuristic method called but not implemented. Returning placeholder actions.
Heuristic method called but not implemented. Returning placeholder actions.
Heuristic method called but not implemented. Returning placeholder actions.
Heuristic method called but not implemented. Returning placeholder actions.
Heuristic method called but not implemented. Returning placeholder actions.
Heuristic method called but not implemented. Returning placeholder actions.
Heuristic method called but not implemented. Returning placeholder actions.
Heuristic method called but not implemented. Returning placeholder actions.
Heuristic method called but not implemented. Returning placeholder actions.
Heuristic method called but not implemented. Returning placeholder actions.
Heuristic method called but not implemented. Returning placeholder actions.
Heuristic method called but not implemented. Returning placeholder actions.
Heuristic method called but not implemented. Returning placeholder actions.
Heuristic method called but not implemented. Returning placeholder actions.
Heuristic method called but not implemented. Returning placeholder actions.
Heuristic method called but not implemented. Returning placeholder actions.
Heuristic method called but not implemented. Returning placeholder actions.
Heuristic method called but not implemented. Returning placeholder actions.
Heuristic method called but not implemented. Returning placeholder actions.
Heuristic method called but not implemented. Returning placeholder actions.
Heuristic method called but not implemented. Returning placeholder actions.
Heuristic method called but not implemented. Returning placeholder actions.
Heuristic method called but not implemented. Returning placeholder actions.
Heuristic method called but not implemented. Returning placeholder actions.
Heuristic method called but not implemented. Returning placeholder actions.
Heuristic method called but not implemented. Returning placeholder actions.
Heuristic method called but not implemented. Returning placeholder actions.
Heuristic method called but not implemented. Returning placeholder actions.
Heuristic method called but not implemented. Returning placeholder actions.
Heuristic method called but not implemented. Returning placeholder actions.
Heuristic method called but not implemented. Returning placeholder actions.
Heuristic method called but not implemented. Returning placeholder actions.
Heuristic method called but not implemented. Returning placeholder actions.
Heuristic method called but not implemented. Returning placeholder actions.
Heuristic method called but not implemented. Returning placeholder actions.
Heuristic method called but not implemented. Returning placeholder actions.
Heuristic method called but not implemented. Returning placeholder actions.
Heuristic method called but not implemented. Returning placeholder actions.
Heuristic method called but not implemented. Returning placeholder actions.
Heuristic method called but not implemented. Returning placeholder actions.
Heuristic method called but not implemented. Returning placeholder actions.
Heuristic method called but not implemented. Returning placeholder actions.
Heuristic method called but not implemented. Returning placeholder actions.
Heuristic method called but not implemented. Returning placeholder actions.
Heuristic method called but not implemented. Returning placeholder actions.
Heuristic method called but not implemented. Returning placeholder actions.
Heuristic method called but not implemented. Returning placeholder actions.
Heuristic method called but not implemented. Returning placeholder actions.
Heuristic method called but not implemented. Returning placeholder actions.
Heuristic method called but not implemented. Returning placeholder actions.
Heuristic method called but not implemented. Returning placeholder actions.
Heuristic method called but not implemented. Returning placeholder actions.
Heuristic method called but not implemented. Returning placeholder actions.
Heuristic method called but not implemented. Returning placeholder actions.
Heuristic method called but not implemented. Returning placeholder actions.
Heuristic method called but not implemented. Returning placeholder actions.
Heuristic method called but not implemented. Returning placeholder actions.
Heuristic method called but not implemented. Returning placeholder actions.
Heuristic method called but not implemented. Returning placeholder actions.
Heuristic method called but not implemented. Returning placeholder actions.
Heuristic method called but not implemented. Returning placeholder actions.
Heuristic method called but not implemented. Returning placeholder actions.
Heuristic method called but not implemented. Returning placeholder actions.
Heuristic method called but not implemented. Returning placeholder actions.
Heuristic method called but not implemented. Returning placeholder actions.
Heuristic method called but not implemented. Returning placeholder actions.
Heuristic method called but not implemented. Returning placeholder actions.
Heuristic method called but not implemented. Returning placeholder actions.
Heuristic method called but not implemented. Returning placeholder actions.
Heuristic method called but not implemented. Returning placeholder actions.
Heuristic method called but not implemented. Returning placeholder actions.
Heuristic method called but not implemented. Returning placeholder actions.
Heuristic method called but not implemented. Returning placeholder actions.
Heuristic method called but not implemented. Returning placeholder actions.
Heuristic method called but not implemented. Returning placeholder actions.
Heuristic method called but not implemented. Returning placeholder actions.
Heuristic method called but not implemented. Returning placeholder actions.
Heuristic method called but not implemented. Returning placeholder actions.
Heuristic method called but not implemented. Returning placeholder actions.
Heuristic method called but not implemented. Returning placeholder actions.
Heuristic method called but not implemented. Returning placeholder actions.
Heuristic method called but not implemented. Returning placeholder actions.
Heuristic method called but not implemented. Returning placeholder actions.
Heuristic method called but not implemented. Returning placeholder actions.
Heuristic method called but not implemented. Returning placeholder actions.
Heuristic method called but not implemented. Returning placeholder actions.
Heuristic method called but not implemented. Returning placeholder actions.
Heuristic method called but not implemented. Returning placeholder actions.
Heuristic method called but not implemented. Returning placeholder actions.
Heuristic method called but not implemented. Returning placeholder actions.
Heuristic method called but not implemented. Returning placeholder actions.
Heuristic method called but not implemented. Returning placeholder actions.
Heuristic method called but not implemented. Returning placeholder actions.
Heuristic method called but not implemented. Returning placeholder actions.
Heuristic method called but not implemented. Returning placeholder actions.
Heuristic method called but not implemented. Returning placeholder actions.
Heuristic method called but not implemented. Returning placeholder actions.
Heuristic method called but not implemented. Returning placeholder actions.
Heuristic method called but not implemented. Returning placeholder actions.
Heuristic method called but not implemented. Returning placeholder actions.
Heuristic method called but not implemented. Returning placeholder actions.
Heuristic method called but not implemented. Returning placeholder actions.
Heuristic method called but not implemented. Returning placeholder actions.
Heuristic method called but not implemented. Returning placeholder actions.
Heuristic method called but not implemented. Returning placeholder actions.
Heuristic method called but not implemented. Returning placeholder actions.
Heuristic method called but not implemented. Returning placeholder actions.
Heuristic method called but not implemented. Returning placeholder actions.
Heuristic method called but not implemented. Returning placeholder actions.
Heuristic method called but not implemented. Returning placeholder actions.
Heuristic method called but not implemented. Returning placeholder actions.
Heuristic method called but not implemented. Returning placeholder actions.
Heuristic method called but not implemented. Returning placeholder actions.
Heuristic method called but not implemented. Returning placeholder actions.
Heuristic method called but not implemented. Returning placeholder actions.
Heuristic method called but not implemented. Returning placeholder actions.
Heuristic method called but not implemented. Returning placeholder actions.
Heuristic method called but not implemented. Returning placeholder actions.
Heuristic method called but not implemented. Returning placeholder actions.
Heuristic method called but not implemented. Returning placeholder actions.
Heuristic method called but not implemented. Returning placeholder actions.
Heuristic method called but not implemented. Returning placeholder actions.
Heuristic method called but not implemented. Returning placeholder actions.
Heuristic method called but not implemented. Returning placeholder actions.
Heuristic method called but not implemented. Returning placeholder actions.
Heuristic method called but not implemented. Returning placeholder actions.
Heuristic method called but not implemented. Returning placeholder actions.
Heuristic method called but not implemented. Returning placeholder actions.
Heuristic method called but not implemented. Returning placeholder actions.
Heuristic method called but not implemented. Returning placeholder actions.
Heuristic method called but not implemented. Returning placeholder actions.
Heuristic method called but not implemented. Returning placeholder actions.
Heuristic method called but not implemented. Returning placeholder actions.
Heuristic method called but not implemented. Returning placeholder actions.
Heuristic method called but not implemented. Returning placeholder actions.
Heuristic method called but not implemented. Returning placeholder actions.
Heuristic method called but not implemented. Returning placeholder actions.
Heuristic method called but not implemented. Returning placeholder actions.
Heuristic method called but not implemented. Returning placeholder actions.
Heuristic method called but not implemented. Returning placeholder actions.
Heuristic method called but not implemented. Returning placeholder actions.
Heuristic method called but not implemented. Returning placeholder actions.
Heuristic method called but not implemented. Returning placeholder actions.
Heuristic method called but not implemented. Returning placeholder actions.
Heuristic method called but not implemented. Returning placeholder actions.
Heuristic method called but not implemented. Returning placeholder actions.
Heuristic method called but not implemented. Returning placeholder actions.
Heuristic method called but not implemented. Returning placeholder actions.
Heuristic method called but not implemented. Returning placeholder actions.
Heuristic method called but not implemented. Returning placeholder actions.
Heuristic method called but not implemented. Returning placeholder actions.
Heuristic method called but not implemented. Returning placeholder actions.
